2025-02-25 14:33:24,186 - INFO - Server started at http://127.0.0.1:8080
2025-02-25 14:34:35,194 - INFO - Received GET request for /
2025-02-25 14:34:35,195 - INFO - State loaded successfully
2025-02-25 14:34:35,294 - INFO - Received GET request for /favicon.ico
2025-02-25 14:35:15,136 - INFO - Received GET request for /loadState
2025-02-25 14:35:15,136 - INFO - State loaded successfully
2025-02-25 14:45:49,667 - INFO - Received POST request for /saveState
2025-02-25 14:45:49,668 - INFO - State saved successfully
2025-02-25 14:45:53,887 - INFO - Received GET request for /loadState
2025-02-25 14:45:53,898 - INFO - State loaded successfully
2025-02-25 14:50:59,653 - INFO - Received GET request for /loadState
2025-02-25 14:50:59,654 - INFO - State loaded successfully
2025-02-25 14:51:05,482 - INFO - Received POST request for /saveState
2025-02-25 14:51:05,483 - INFO - State saved successfully
2025-02-25 14:51:08,689 - INFO - Received GET request for /loadState
2025-02-25 14:51:08,699 - INFO - State loaded successfully
2025-02-25 14:51:29,615 - INFO - Received GET request for /loadState
2025-02-25 14:51:29,616 - INFO - State loaded successfully
2025-02-25 14:51:35,041 - INFO - Received POST request for /saveState
2025-02-25 14:51:35,042 - INFO - State saved successfully
2025-02-25 14:51:38,654 - INFO - Received GET request for /loadState
2025-02-25 14:51:38,662 - INFO - State loaded successfully
2025-02-25 14:51:52,420 - INFO - Received POST request for /saveState
2025-02-25 14:51:52,421 - INFO - State saved successfully
2025-02-25 14:51:59,357 - INFO - Received GET request for /loadState
2025-02-25 14:51:59,359 - INFO - State loaded successfully
2025-02-25 14:54:40,279 - INFO - Received GET request for /loadState
2025-02-25 14:54:40,280 - INFO - State loaded successfully
2025-02-25 14:54:53,153 - INFO - Received POST request for /saveState
2025-02-25 14:54:53,154 - INFO - State saved successfully
2025-02-25 14:54:56,698 - INFO - Received GET request for /loadState
2025-02-25 14:54:56,706 - INFO - State loaded successfully
2025-02-25 15:00:04,941 - INFO - Received GET request for /loadState
2025-02-25 15:00:04,941 - INFO - State loaded successfully
2025-02-25 15:00:11,494 - INFO - Received POST request for /saveState
2025-02-25 15:00:11,494 - INFO - State saved successfully
2025-02-25 15:05:57,917 - INFO - Received GET request for /loadState
2025-02-25 15:05:57,918 - INFO - State loaded successfully
2025-02-25 15:09:28,735 - INFO - Received GET request for /loadState
2025-02-25 15:09:28,736 - INFO - State loaded successfully
2025-02-25 15:09:53,067 - INFO - Received GET request for /loadState
2025-02-25 15:09:53,068 - INFO - State loaded successfully
